
> frontend@0.0.0 dev
> vite --host --port 5173


  VITE v5.4.21  ready in 441 ms

  ➜  Local:   http://localhost:5173/
  ➜  Network: http://192.168.1.2:5173/
  ➜  Network: http://198.18.0.1:5173/
7:54:28 PM [vite] Internal server error: Failed to resolve import "recharts" from "src/App.jsx". Does the file exist?
  Plugin: vite:import-analysis
  File: /Users/niuzj/Desktop/OpenCreator-ai/user-profile-analyzer/react-dashboard/frontend/src/App.jsx:12:118
  45 |  } from "@ant-design/icons";
  46 |  import { getUsers, getStats, getFilters, getUser } from "./services/api";
  47 |  import { PieChart, Pie, Cell, Tooltip, Legend, ResponsiveContainer, BarChart, Bar, XAxis, YAxis, CartesianGrid } from "recharts";
     |                                                                                                                         ^
  48 |  const { Header, Sider, Content } = Layout;
  49 |  const { Title, Text } = Typography;
      at TransformPluginContext._formatError (file:///Users/niuzj/Desktop/OpenCreator-ai/user-profile-analyzer/react-dashboard/frontend/node_modules/vite/dist/node/chunks/dep-BK3b2jBa.js:49258:41)
      at TransformPluginContext.error (file:///Users/niuzj/Desktop/OpenCreator-ai/user-profile-analyzer/react-dashboard/frontend/node_modules/vite/dist/node/chunks/dep-BK3b2jBa.js:49253:16)
      at normalizeUrl (file:///Users/niuzj/Desktop/OpenCreator-ai/user-profile-analyzer/react-dashboard/frontend/node_modules/vite/dist/node/chunks/dep-BK3b2jBa.js:64307:23)
      at process.processTicksAndRejections (node:internal/process/task_queues:103:5)
      at async file:///Users/niuzj/Desktop/OpenCreator-ai/user-profile-analyzer/react-dashboard/frontend/node_modules/vite/dist/node/chunks/dep-BK3b2jBa.js:64439:39
      at async Promise.all (index 7)
      at async TransformPluginContext.transform (file:///Users/niuzj/Desktop/OpenCreator-ai/user-profile-analyzer/react-dashboard/frontend/node_modules/vite/dist/node/chunks/dep-BK3b2jBa.js:64366:7)
      at async PluginContainer.transform (file:///Users/niuzj/Desktop/OpenCreator-ai/user-profile-analyzer/react-dashboard/frontend/node_modules/vite/dist/node/chunks/dep-BK3b2jBa.js:49099:18)
      at async loadAndTransform (file:///Users/niuzj/Desktop/OpenCreator-ai/user-profile-analyzer/react-dashboard/frontend/node_modules/vite/dist/node/chunks/dep-BK3b2jBa.js:51978:27)
7:54:28 PM [vite] Pre-transform error: Failed to resolve import "recharts" from "src/App.jsx". Does the file exist?
7:54:41 PM [vite] Internal server error: Failed to resolve import "recharts" from "src/App.jsx". Does the file exist?
  Plugin: vite:import-analysis
  File: /Users/niuzj/Desktop/OpenCreator-ai/user-profile-analyzer/react-dashboard/frontend/src/App.jsx:12:118
  45 |  } from "@ant-design/icons";
  46 |  import { getUsers, getStats, getFilters, getUser } from "./services/api";
  47 |  import { PieChart, Pie, Cell, Tooltip, Legend, ResponsiveContainer, BarChart, Bar, XAxis, YAxis, CartesianGrid } from "recharts";
     |                                                                                                                         ^
  48 |  const { Header, Sider, Content } = Layout;
  49 |  const { Title, Text } = Typography;
      at TransformPluginContext._formatError (file:///Users/niuzj/Desktop/OpenCreator-ai/user-profile-analyzer/react-dashboard/frontend/node_modules/vite/dist/node/chunks/dep-BK3b2jBa.js:49258:41)
      at TransformPluginContext.error (file:///Users/niuzj/Desktop/OpenCreator-ai/user-profile-analyzer/react-dashboard/frontend/node_modules/vite/dist/node/chunks/dep-BK3b2jBa.js:49253:16)
      at normalizeUrl (file:///Users/niuzj/Desktop/OpenCreator-ai/user-profile-analyzer/react-dashboard/frontend/node_modules/vite/dist/node/chunks/dep-BK3b2jBa.js:64307:23)
      at process.processTicksAndRejections (node:internal/process/task_queues:103:5)
      at async file:///Users/niuzj/Desktop/OpenCreator-ai/user-profile-analyzer/react-dashboard/frontend/node_modules/vite/dist/node/chunks/dep-BK3b2jBa.js:64439:39
      at async Promise.all (index 7)
      at async TransformPluginContext.transform (file:///Users/niuzj/Desktop/OpenCreator-ai/user-profile-analyzer/react-dashboard/frontend/node_modules/vite/dist/node/chunks/dep-BK3b2jBa.js:64366:7)
      at async PluginContainer.transform (file:///Users/niuzj/Desktop/OpenCreator-ai/user-profile-analyzer/react-dashboard/frontend/node_modules/vite/dist/node/chunks/dep-BK3b2jBa.js:49099:18)
      at async loadAndTransform (file:///Users/niuzj/Desktop/OpenCreator-ai/user-profile-analyzer/react-dashboard/frontend/node_modules/vite/dist/node/chunks/dep-BK3b2jBa.js:51978:27)
      at async viteTransformMiddleware (file:///Users/niuzj/Desktop/OpenCreator-ai/user-profile-analyzer/react-dashboard/frontend/node_modules/vite/dist/node/chunks/dep-BK3b2jBa.js:62106:24)
7:55:53 PM [vite] ✨ new dependencies optimized: recharts
7:55:53 PM [vite] ✨ optimized dependencies changed. reloading
