2026-01-17 10:23:22,884 - __main__ - INFO - ============================================================
2026-01-17 10:23:22,884 - __main__ - INFO - 启动用户画像分析系统 Web UI
2026-01-17 10:23:22,884 - __main__ - INFO - ============================================================
2026-01-17 10:23:22,888 - __main__ - INFO - 加载环境配置文件: .env.local
2026-01-17 10:23:22,888 - __main__ - INFO - 连接MongoDB数据库: opencreator
2026-01-17 10:23:23,741 - __main__ - INFO - MongoDB连接成功
2026-01-17 10:23:28,056 - __main__ - INFO - Gradio UI 创建成功
2026-01-17 10:23:28,056 - __main__ - INFO - 启动服务器 - 地址: 0.0.0.0:7860
2026-01-17 10:23:28,174 - httpx - INFO - HTTP Request: GET http://localhost:7860/gradio_api/startup-events "HTTP/1.1 200 OK"
2026-01-17 10:23:28,184 - httpx - INFO - HTTP Request: HEAD http://localhost:7860/ "HTTP/1.1 200 OK"
2026-01-17 10:23:28,896 - httpx - INFO - HTTP Request: HEAD https://huggingface.co/api/telemetry/https%3A/api.gradio.app/gradio-initiated-analytics "HTTP/1.1 200 OK"
2026-01-17 10:23:29,542 - httpx - INFO - HTTP Request: HEAD https://huggingface.co/api/telemetry/https%3A/api.gradio.app/gradio-launched-telemetry "HTTP/1.1 200 OK"
2026-01-17 10:23:30,233 - httpx - INFO - HTTP Request: GET https://api.gradio.app/pkg-version "HTTP/1.1 200 OK"
2026-01-17 10:55:58,294 - __main__ - INFO - 渲染用户列表 - 页码: 1
2026-01-17 10:55:58,295 - __main__ - INFO - 获取用户列表预览 - 页码: 1, 每页: 10
2026-01-17 10:56:02,201 - __main__ - INFO - 加载用户详情: 
2026-01-17 10:56:02,253 - __main__ - INFO - 成功获取 10 个用户数据
2026-01-17 10:56:02,254 - __main__ - INFO - 成功渲染 10 个用户卡片
2026-01-17 10:56:17,575 - __main__ - INFO - 加载用户详情: zhihuang.oiloil@gmail.com
2026-01-17 10:56:17,575 - __main__ - INFO - 渲染用户详情 - 邮箱: zhihuang.oiloil@gmail.com, 页码: 1
2026-01-17 10:56:17,575 - __main__ - INFO - 获取用户输入详情 - 邮箱: zhihuang.oiloil@gmail.com, 页码: 1
2026-01-17 10:56:20,878 - __main__ - INFO - 成功获取用户 zhihuang.oiloil@gmail.com 的 48 条输入数据
2026-01-17 10:56:20,879 - __main__ - INFO - 成功渲染用户 zhihuang.oiloil@gmail.com 的 48 条输入
2026-01-17 10:56:46,858 - __main__ - INFO - 获取用户输入详情 - 邮箱: zhihuang.oiloil@gmail.com, 页码: 1
2026-01-17 10:56:50,226 - __main__ - INFO - 成功获取用户 zhihuang.oiloil@gmail.com 的 48 条输入数据
2026-01-17 10:56:50,227 - __main__ - INFO - 详情下一页: 邮箱=zhihuang.oiloil@gmail.com, 1 -> 2
2026-01-17 10:56:50,227 - __main__ - INFO - 渲染用户详情 - 邮箱: zhihuang.oiloil@gmail.com, 页码: 2
2026-01-17 10:56:50,227 - __main__ - INFO - 获取用户输入详情 - 邮箱: zhihuang.oiloil@gmail.com, 页码: 2
2026-01-17 10:56:52,449 - __main__ - INFO - 成功获取用户 zhihuang.oiloil@gmail.com 的 34 条输入数据
2026-01-17 10:56:52,450 - __main__ - INFO - 成功渲染用户 zhihuang.oiloil@gmail.com 的 34 条输入
2026-01-17 10:57:12,076 - __main__ - INFO - 获取用户输入详情 - 邮箱: zhihuang.oiloil@gmail.com, 页码: 2
2026-01-17 10:57:14,389 - __main__ - INFO - 成功获取用户 zhihuang.oiloil@gmail.com 的 34 条输入数据
2026-01-17 10:57:14,390 - __main__ - INFO - 详情下一页: 邮箱=zhihuang.oiloil@gmail.com, 2 -> 3
2026-01-17 10:57:14,390 - __main__ - INFO - 渲染用户详情 - 邮箱: zhihuang.oiloil@gmail.com, 页码: 3
2026-01-17 10:57:14,391 - __main__ - INFO - 获取用户输入详情 - 邮箱: zhihuang.oiloil@gmail.com, 页码: 3
2026-01-17 10:57:17,365 - __main__ - INFO - 成功获取用户 zhihuang.oiloil@gmail.com 的 24 条输入数据
2026-01-17 10:57:17,367 - __main__ - INFO - 成功渲染用户 zhihuang.oiloil@gmail.com 的 24 条输入
2026-01-17 11:56:56,892 - __main__ - INFO - ============================================================
2026-01-17 11:56:56,892 - __main__ - INFO - 启动用户画像分析系统 Web UI
2026-01-17 11:56:56,892 - __main__ - INFO - ============================================================
2026-01-17 11:56:56,896 - __main__ - INFO - 加载环境配置文件: .env.local
2026-01-17 11:56:56,896 - __main__ - INFO - 连接MongoDB数据库: opencreator
2026-01-17 11:56:56,936 - __main__ - INFO - MongoDB连接成功
2026-01-17 11:57:04,693 - __main__ - ERROR - 启动失败: Markdown.__init__() got an unexpected keyword argument 'scale'
Traceback (most recent call last):
  File "/Users/niuzj/Desktop/OpenCreator-ai/user-profile-analyzer/src/user_profile_analyzer/web_ui.py", line 1026, in <module>
    demo = create_ui()
           ^^^^^^^^^^^
  File "/Users/niuzj/Desktop/OpenCreator-ai/user-profile-analyzer/src/user_profile_analyzer/web_ui.py", line 515, in create_ui
    users_page_info = gr.Markdown("加载中...", scale=2)
                      ^^^^^^^^^^^^^^^^^^^^^^^^^^^^^^^^^
  File "/Users/niuzj/Desktop/OpenCreator-ai/user-profile-analyzer/.venv/lib/python3.12/site-packages/gradio/component_meta.py", line 194, in wrapper
    return fn(self, **kwargs)
           ^^^^^^^^^^^^^^^^^^
TypeError: Markdown.__init__() got an unexpected keyword argument 'scale'
2026-01-17 11:57:05,943 - httpx - INFO - HTTP Request: GET https://api.gradio.app/pkg-version "HTTP/1.1 200 OK"
2026-01-17 11:57:06,344 - httpx - INFO - HTTP Request: HEAD https://huggingface.co/api/telemetry/https%3A/api.gradio.app/gradio-initiated-analytics "HTTP/1.1 200 OK"
2026-01-17 12:02:46,354 - __main__ - INFO - ============================================================
2026-01-17 12:02:46,354 - __main__ - INFO - 启动用户画像分析系统 Web UI
2026-01-17 12:02:46,354 - __main__ - INFO - ============================================================
2026-01-17 12:02:46,358 - __main__ - INFO - 加载环境配置文件: .env.local
2026-01-17 12:02:46,358 - __main__ - INFO - 连接MongoDB数据库: opencreator
2026-01-17 12:02:46,393 - __main__ - INFO - MongoDB连接成功
2026-01-17 12:02:50,433 - __main__ - INFO - Gradio UI 创建成功
2026-01-17 12:02:50,433 - __main__ - INFO - 启动服务器 - 地址: 0.0.0.0:7860
2026-01-17 12:02:50,590 - httpx - INFO - HTTP Request: GET http://localhost:7860/gradio_api/startup-events "HTTP/1.1 200 OK"
2026-01-17 12:02:50,600 - httpx - INFO - HTTP Request: HEAD http://localhost:7860/ "HTTP/1.1 200 OK"
2026-01-17 12:02:51,599 - httpx - INFO - HTTP Request: GET https://api.gradio.app/pkg-version "HTTP/1.1 200 OK"
2026-01-17 12:02:51,712 - httpx - INFO - HTTP Request: HEAD https://huggingface.co/api/telemetry/https%3A/api.gradio.app/gradio-initiated-analytics "HTTP/1.1 200 OK"
2026-01-17 12:02:52,166 - httpx - INFO - HTTP Request: HEAD https://huggingface.co/api/telemetry/https%3A/api.gradio.app/gradio-launched-telemetry "HTTP/1.1 200 OK"
2026-01-17 12:06:45,457 - __main__ - INFO - 渲染用户列表 - 页码: 1, 每页: 20
2026-01-17 12:06:45,458 - __main__ - INFO - 获取用户列表预览 - 页码: 1, 每页: 20
2026-01-17 12:06:53,857 - __main__ - INFO - 成功获取 15 个用户数据
2026-01-17 12:06:53,858 - __main__ - INFO - 成功渲染 15 个用户卡片
2026-01-17 12:06:58,136 - __main__ - INFO - 加载用户详情: cs9_test@gmail.com
2026-01-17 12:06:58,136 - __main__ - INFO - 渲染用户详情 - 邮箱: cs9_test@gmail.com, 页码: 1
2026-01-17 12:06:58,137 - __main__ - INFO - 获取用户输入详情 - 邮箱: cs9_test@gmail.com, 页码: 1
2026-01-17 12:06:59,273 - __main__ - INFO - 成功获取用户 cs9_test@gmail.com 的 1 条输入数据
2026-01-17 12:06:59,275 - __main__ - INFO - 成功渲染用户 cs9_test@gmail.com 的 1 条输入
2026-01-17 12:07:03,486 - __main__ - INFO - 加载用户详情: yanglingong33@gmail.com
2026-01-17 12:07:03,487 - __main__ - INFO - 渲染用户详情 - 邮箱: yanglingong33@gmail.com, 页码: 1
2026-01-17 12:07:03,487 - __main__ - INFO - 获取用户输入详情 - 邮箱: yanglingong33@gmail.com, 页码: 1
2026-01-17 12:07:06,798 - __main__ - INFO - 成功获取用户 yanglingong33@gmail.com 的 30 条输入数据
2026-01-17 12:07:06,799 - __main__ - INFO - 成功渲染用户 yanglingong33@gmail.com 的 30 条输入
2026-01-17 12:13:45,321 - __main__ - INFO - ============================================================
2026-01-17 12:13:45,321 - __main__ - INFO - 启动用户画像分析系统 Web UI
2026-01-17 12:13:45,321 - __main__ - INFO - ============================================================
2026-01-17 12:13:45,325 - __main__ - INFO - 加载环境配置文件: .env.local
2026-01-17 12:13:45,325 - __main__ - INFO - 连接MongoDB数据库: opencreator
2026-01-17 12:13:45,474 - __main__ - INFO - MongoDB连接成功
2026-01-17 12:13:51,007 - __main__ - INFO - Gradio UI 创建成功
2026-01-17 12:13:51,007 - __main__ - INFO - 启动服务器 - 地址: 0.0.0.0:7860
2026-01-17 12:13:51,132 - httpx - INFO - HTTP Request: GET http://localhost:7860/gradio_api/startup-events "HTTP/1.1 200 OK"
2026-01-17 12:13:51,142 - httpx - INFO - HTTP Request: HEAD http://localhost:7860/ "HTTP/1.1 200 OK"
2026-01-17 12:13:52,705 - httpx - INFO - HTTP Request: HEAD https://huggingface.co/api/telemetry/https%3A/api.gradio.app/gradio-launched-telemetry "HTTP/1.1 200 OK"
2026-01-17 12:13:52,765 - httpx - INFO - HTTP Request: HEAD https://huggingface.co/api/telemetry/https%3A/api.gradio.app/gradio-initiated-analytics "HTTP/1.1 200 OK"
2026-01-17 12:46:59,742 - __main__ - INFO - 渲染用户列表 - 页码: 1, 每页: 20
2026-01-17 12:46:59,743 - __main__ - INFO - 获取用户列表预览 - 页码: 1, 每页: 20
2026-01-17 12:47:10,981 - __main__ - INFO - 成功获取 15 个用户数据
2026-01-17 12:47:10,982 - __main__ - INFO - 成功渲染 15 个用户卡片
2026-01-17 12:47:17,509 - __main__ - INFO - 渲染用户列表 - 页码: 1, 每页: 20
2026-01-17 12:47:17,510 - __main__ - INFO - 获取用户列表预览 - 页码: 1, 每页: 20
2026-01-17 12:47:27,719 - __main__ - INFO - 成功获取 15 个用户数据
2026-01-17 12:47:27,719 - __main__ - INFO - 成功渲染 15 个用户卡片
2026-01-17 12:47:32,169 - __main__ - INFO - 渲染用户列表 - 页码: 1, 每页: 20
2026-01-17 12:47:32,169 - __main__ - INFO - 获取用户列表预览 - 页码: 1, 每页: 20
2026-01-17 12:47:40,662 - __main__ - INFO - 成功获取 15 个用户数据
2026-01-17 12:47:40,662 - __main__ - INFO - 成功渲染 15 个用户卡片
2026-01-17 12:48:23,175 - __main__ - INFO - 渲染用户列表 - 页码: 1, 每页: 20
2026-01-17 12:48:23,176 - __main__ - INFO - 获取用户列表预览 - 页码: 1, 每页: 20
2026-01-17 12:48:35,141 - __main__ - INFO - 成功获取 15 个用户数据
2026-01-17 12:48:35,141 - __main__ - INFO - 成功渲染 15 个用户卡片
2026-01-17 12:50:27,095 - __main__ - INFO - ============================================================
2026-01-17 12:50:27,095 - __main__ - INFO - 启动用户画像分析系统 Web UI
2026-01-17 12:50:27,095 - __main__ - INFO - ============================================================
2026-01-17 12:50:27,099 - __main__ - INFO - 加载环境配置文件: .env.local
2026-01-17 12:50:27,099 - __main__ - INFO - 连接MongoDB数据库: opencreator
2026-01-17 12:50:27,144 - __main__ - INFO - MongoDB连接成功
2026-01-17 12:50:32,804 - __main__ - INFO - Gradio UI 创建成功
2026-01-17 12:50:32,805 - __main__ - INFO - 启动服务器 - 地址: 0.0.0.0:7860
2026-01-17 12:50:32,956 - httpx - INFO - HTTP Request: GET http://localhost:7860/gradio_api/startup-events "HTTP/1.1 200 OK"
2026-01-17 12:50:32,966 - httpx - INFO - HTTP Request: HEAD http://localhost:7860/ "HTTP/1.1 200 OK"
2026-01-17 12:50:35,080 - httpx - INFO - HTTP Request: GET https://api.gradio.app/pkg-version "HTTP/1.1 200 OK"
2026-01-17 12:50:35,280 - httpx - INFO - HTTP Request: HEAD https://huggingface.co/api/telemetry/https%3A/api.gradio.app/gradio-launched-telemetry "HTTP/1.1 200 OK"
2026-01-17 12:50:36,073 - httpx - INFO - HTTP Request: HEAD https://huggingface.co/api/telemetry/https%3A/api.gradio.app/gradio-initiated-analytics "HTTP/1.1 200 OK"
2026-01-17 12:52:11,096 - __main__ - INFO - 渲染用户列表 - 页码: 1, 每页: 20
2026-01-17 12:52:11,098 - __main__ - INFO - 获取用户列表预览 - 页码: 1, 每页: 20
2026-01-17 12:52:20,905 - __main__ - INFO - 成功获取 15 个用户数据
2026-01-17 12:52:20,906 - __main__ - INFO - 成功渲染 15 个用户卡片
2026-01-17 12:52:20,930 - __main__ - INFO - 渲染用户列表 - 页码: 1, 每页: 20
2026-01-17 12:52:20,931 - __main__ - INFO - 获取用户列表预览 - 页码: 1, 每页: 20
2026-01-17 12:52:32,435 - __main__ - INFO - 成功获取 15 个用户数据
2026-01-17 12:52:32,436 - __main__ - INFO - 成功渲染 15 个用户卡片
2026-01-17 12:52:37,922 - __main__ - INFO - 渲染用户列表 - 页码: 1, 每页: 20
2026-01-17 12:52:37,922 - __main__ - INFO - 获取用户列表预览 - 页码: 1, 每页: 20
2026-01-17 12:52:52,321 - __main__ - INFO - 成功获取 15 个用户数据
2026-01-17 12:52:52,322 - __main__ - INFO - 成功渲染 15 个用户卡片
2026-01-17 12:53:33,889 - __main__ - INFO - ============================================================
2026-01-17 12:53:33,889 - __main__ - INFO - 启动用户画像分析系统 Web UI
2026-01-17 12:53:33,889 - __main__ - INFO - ============================================================
2026-01-17 12:53:33,893 - __main__ - INFO - 加载环境配置文件: .env.local
2026-01-17 12:53:33,893 - __main__ - INFO - 连接MongoDB数据库: opencreator
2026-01-17 12:53:33,929 - __main__ - INFO - MongoDB连接成功
2026-01-17 12:53:37,477 - __main__ - INFO - Gradio UI 创建成功
2026-01-17 12:53:37,477 - __main__ - INFO - 启动服务器 - 地址: 0.0.0.0:7860
2026-01-17 12:53:37,606 - httpx - INFO - HTTP Request: GET http://localhost:7860/gradio_api/startup-events "HTTP/1.1 200 OK"
2026-01-17 12:53:37,617 - httpx - INFO - HTTP Request: HEAD http://localhost:7860/ "HTTP/1.1 200 OK"
2026-01-17 12:53:38,507 - httpx - INFO - HTTP Request: HEAD https://huggingface.co/api/telemetry/https%3A/api.gradio.app/gradio-initiated-analytics "HTTP/1.1 200 OK"
2026-01-17 12:53:38,933 - httpx - INFO - HTTP Request: GET https://api.gradio.app/pkg-version "HTTP/1.1 200 OK"
2026-01-17 12:53:39,607 - httpx - INFO - HTTP Request: HEAD https://huggingface.co/api/telemetry/https%3A/api.gradio.app/gradio-launched-telemetry "HTTP/1.1 200 OK"
2026-01-17 12:56:00,685 - __main__ - INFO - ============================================================
2026-01-17 12:56:00,686 - __main__ - INFO - 启动用户画像分析系统 Web UI
2026-01-17 12:56:00,686 - __main__ - INFO - ============================================================
2026-01-17 12:56:00,693 - __main__ - INFO - 加载环境配置文件: .env.local
2026-01-17 12:56:00,693 - __main__ - INFO - 连接MongoDB数据库: opencreator
2026-01-17 12:56:00,737 - __main__ - INFO - MongoDB连接成功
2026-01-17 12:56:04,977 - __main__ - INFO - Gradio UI 创建成功
2026-01-17 12:56:04,977 - __main__ - INFO - 启动服务器 - 地址: 0.0.0.0:7860
2026-01-17 12:56:05,117 - httpx - INFO - HTTP Request: GET http://localhost:7860/gradio_api/startup-events "HTTP/1.1 200 OK"
2026-01-17 12:56:05,129 - httpx - INFO - HTTP Request: HEAD http://localhost:7860/ "HTTP/1.1 200 OK"
2026-01-17 12:56:06,008 - httpx - INFO - HTTP Request: GET https://api.gradio.app/pkg-version "HTTP/1.1 200 OK"
2026-01-17 12:56:06,300 - httpx - INFO - HTTP Request: HEAD https://huggingface.co/api/telemetry/https%3A/api.gradio.app/gradio-initiated-analytics "HTTP/1.1 200 OK"
2026-01-17 12:56:06,700 - httpx - INFO - HTTP Request: HEAD https://huggingface.co/api/telemetry/https%3A/api.gradio.app/gradio-launched-telemetry "HTTP/1.1 200 OK"
2026-01-17 13:16:47,567 - __main__ - INFO - 渲染用户列表 - 页码: 1, 每页: 20
2026-01-17 13:16:47,568 - __main__ - INFO - 获取用户列表预览 - 页码: 1, 每页: 20
2026-01-17 13:16:58,352 - __main__ - INFO - 成功获取 15 个用户数据
2026-01-17 13:16:58,354 - __main__ - INFO - 成功渲染 15 个用户卡片
2026-01-17 13:17:11,580 - __main__ - INFO - 渲染用户列表 - 页码: 1, 每页: 20
2026-01-17 13:17:11,580 - __main__ - INFO - 获取用户列表预览 - 页码: 1, 每页: 20
2026-01-17 13:17:25,374 - __main__ - INFO - 成功获取 15 个用户数据
2026-01-17 13:17:25,375 - __main__ - INFO - 成功渲染 15 个用户卡片
2026-01-17 13:23:48,781 - __main__ - INFO - 渲染用户列表 - 页码: 1, 每页: 20
2026-01-17 13:23:48,781 - __main__ - INFO - 获取用户列表预览 - 页码: 1, 每页: 20
2026-01-17 13:24:03,117 - __main__ - INFO - 成功获取 15 个用户数据
2026-01-17 13:24:03,119 - __main__ - INFO - 成功渲染 15 个用户卡片
2026-01-17 13:24:03,129 - __main__ - INFO - 渲染用户列表 - 页码: 1, 每页: 20
2026-01-17 13:24:03,129 - __main__ - INFO - 获取用户列表预览 - 页码: 1, 每页: 20
2026-01-17 13:24:12,389 - __main__ - INFO - 成功获取 15 个用户数据
2026-01-17 13:24:12,391 - __main__ - INFO - 成功渲染 15 个用户卡片
2026-01-17 13:24:15,271 - __main__ - INFO - 渲染用户列表 - 页码: 1, 每页: 20
2026-01-17 13:24:15,271 - __main__ - INFO - 获取用户列表预览 - 页码: 1, 每页: 20
2026-01-17 13:24:27,155 - __main__ - INFO - 成功获取 15 个用户数据
2026-01-17 13:24:27,156 - __main__ - INFO - 成功渲染 15 个用户卡片
2026-01-17 13:26:18,707 - __main__ - INFO - ============================================================
2026-01-17 13:26:18,707 - __main__ - INFO - 启动用户画像分析系统 Web UI
2026-01-17 13:26:18,707 - __main__ - INFO - ============================================================
2026-01-17 13:26:18,711 - __main__ - INFO - 加载环境配置文件: .env.local
2026-01-17 13:26:18,711 - __main__ - INFO - 连接MongoDB数据库: opencreator
2026-01-17 13:26:18,748 - __main__ - INFO - MongoDB连接成功
2026-01-17 13:26:22,865 - __main__ - INFO - Gradio UI 创建成功
2026-01-17 13:26:22,865 - __main__ - INFO - 启动服务器 - 地址: 0.0.0.0:7860
2026-01-17 13:26:22,997 - httpx - INFO - HTTP Request: GET http://localhost:7860/gradio_api/startup-events "HTTP/1.1 200 OK"
2026-01-17 13:26:23,010 - httpx - INFO - HTTP Request: HEAD http://localhost:7860/ "HTTP/1.1 200 OK"
2026-01-17 13:26:23,333 - httpx - INFO - HTTP Request: HEAD https://huggingface.co/api/telemetry/https%3A/api.gradio.app/gradio-initiated-analytics "HTTP/1.1 200 OK"
2026-01-17 13:26:24,701 - httpx - INFO - HTTP Request: GET https://api.gradio.app/pkg-version "HTTP/1.1 200 OK"
2026-01-17 13:26:26,826 - httpx - INFO - HTTP Request: HEAD https://huggingface.co/api/telemetry/https%3A/api.gradio.app/gradio-launched-telemetry "HTTP/1.1 200 OK"
2026-01-17 13:26:52,401 - __main__ - INFO - 渲染用户列表 - 页码: 1, 每页: 20
2026-01-17 13:26:52,401 - __main__ - INFO - 获取用户列表预览 - 页码: 1, 每页: 20
2026-01-17 13:27:01,256 - __main__ - INFO - 成功获取 15 个用户数据
2026-01-17 13:27:01,256 - __main__ - INFO - 成功渲染 15 个用户卡片
2026-01-17 13:27:04,046 - __main__ - INFO - 渲染用户列表 - 页码: 1, 每页: 20
2026-01-17 13:27:04,047 - __main__ - INFO - 获取用户列表预览 - 页码: 1, 每页: 20
2026-01-17 13:27:17,267 - __main__ - INFO - 成功获取 15 个用户数据
2026-01-17 13:27:17,268 - __main__ - INFO - 成功渲染 15 个用户卡片
2026-01-17 13:30:16,112 - __main__ - INFO - 渲染用户列表 - 页码: 1, 每页: 20
2026-01-17 13:30:16,112 - __main__ - INFO - 获取用户列表预览 - 页码: 1, 每页: 20
2026-01-17 13:30:29,970 - __main__ - INFO - 成功获取 15 个用户数据
2026-01-17 13:30:29,970 - __main__ - INFO - 成功渲染 15 个用户卡片
2026-01-17 13:31:47,407 - __main__ - INFO - ============================================================
2026-01-17 13:31:47,407 - __main__ - INFO - 启动用户画像分析系统 Web UI
2026-01-17 13:31:47,407 - __main__ - INFO - ============================================================
2026-01-17 13:31:47,411 - __main__ - INFO - 加载环境配置文件: .env.local
2026-01-17 13:31:47,411 - __main__ - INFO - 连接MongoDB数据库: opencreator
2026-01-17 13:31:47,445 - __main__ - INFO - MongoDB连接成功
2026-01-17 13:31:51,880 - __main__ - INFO - Gradio UI 创建成功
2026-01-17 13:31:51,880 - __main__ - INFO - 启动服务器 - 地址: 0.0.0.0:7860
2026-01-17 13:31:52,014 - httpx - INFO - HTTP Request: GET http://localhost:7860/gradio_api/startup-events "HTTP/1.1 200 OK"
2026-01-17 13:31:52,025 - httpx - INFO - HTTP Request: HEAD http://localhost:7860/ "HTTP/1.1 200 OK"
2026-01-17 13:31:53,045 - httpx - INFO - HTTP Request: HEAD https://huggingface.co/api/telemetry/https%3A/api.gradio.app/gradio-initiated-analytics "HTTP/1.1 200 OK"
2026-01-17 13:31:54,343 - httpx - INFO - HTTP Request: GET https://api.gradio.app/pkg-version "HTTP/1.1 200 OK"
2026-01-17 13:31:56,012 - httpx - INFO - HTTP Request: HEAD https://huggingface.co/api/telemetry/https%3A/api.gradio.app/gradio-launched-telemetry "HTTP/1.1 200 OK"
2026-01-17 13:35:59,410 - __main__ - INFO - 渲染用户列表 - 页码: 1, 每页: 20
2026-01-17 13:35:59,412 - __main__ - INFO - 获取用户列表预览 - 页码: 1, 每页: 20
2026-01-17 13:36:10,291 - __main__ - INFO - 成功获取 15 个用户数据
2026-01-17 13:36:10,292 - __main__ - INFO - 成功渲染 15 个用户卡片
2026-01-17 13:38:49,687 - __main__ - INFO - 渲染用户列表 - 页码: 1, 每页: 20
2026-01-17 13:38:49,688 - __main__ - INFO - 获取用户列表预览 - 页码: 1, 每页: 20
2026-01-17 13:39:02,362 - __main__ - INFO - 成功获取 15 个用户数据
2026-01-17 13:39:02,363 - __main__ - INFO - 成功渲染 15 个用户卡片
2026-01-17 13:59:55,670 - __main__ - INFO - 渲染用户列表 - 页码: 1, 每页: 20
2026-01-17 13:59:55,671 - __main__ - INFO - 获取用户列表预览 - 页码: 1, 每页: 20
2026-01-17 14:00:02,235 - __main__ - INFO - 成功获取 15 个用户数据
2026-01-17 14:00:02,235 - __main__ - INFO - 成功渲染 15 个用户卡片
2026-01-17 14:01:36,274 - __main__ - INFO - 渲染用户列表 - 页码: 1, 每页: 20
2026-01-17 14:01:36,275 - __main__ - INFO - 获取用户列表预览 - 页码: 1, 每页: 20
2026-01-17 14:01:41,395 - __main__ - INFO - 成功获取 15 个用户数据
2026-01-17 14:01:41,396 - __main__ - INFO - 成功渲染 15 个用户卡片
2026-01-17 14:01:43,308 - __main__ - INFO - 渲染用户列表 - 页码: 1, 每页: 20
2026-01-17 14:01:43,308 - __main__ - INFO - 获取用户列表预览 - 页码: 1, 每页: 20
2026-01-17 14:01:49,076 - __main__ - INFO - 成功获取 15 个用户数据
2026-01-17 14:01:49,077 - __main__ - INFO - 成功渲染 15 个用户卡片
2026-01-17 14:02:08,682 - __main__ - INFO - 渲染用户列表 - 页码: 1, 每页: 20
2026-01-17 14:02:08,682 - __main__ - INFO - 获取用户列表预览 - 页码: 1, 每页: 20
2026-01-17 14:02:13,775 - __main__ - INFO - 成功获取 15 个用户数据
2026-01-17 14:02:13,775 - __main__ - INFO - 成功渲染 15 个用户卡片
2026-01-17 14:04:19,511 - __main__ - INFO - 渲染用户列表 - 页码: 1, 每页: 20
2026-01-17 14:04:19,512 - __main__ - INFO - 获取用户列表预览 - 页码: 1, 每页: 20
2026-01-17 14:04:24,788 - __main__ - INFO - 成功获取 15 个用户数据
2026-01-17 14:04:24,788 - __main__ - INFO - 成功渲染 15 个用户卡片
2026-01-17 14:04:39,829 - __main__ - INFO - 渲染用户列表 - 页码: 1, 每页: 20
2026-01-17 14:04:39,829 - __main__ - INFO - 获取用户列表预览 - 页码: 1, 每页: 20
2026-01-17 14:04:45,108 - __main__ - INFO - 成功获取 15 个用户数据
2026-01-17 14:04:45,131 - __main__ - INFO - 成功渲染 15 个用户卡片
2026-01-17 14:04:46,848 - __main__ - INFO - 渲染用户列表 - 页码: 1, 每页: 20
2026-01-17 14:04:46,848 - __main__ - INFO - 获取用户列表预览 - 页码: 1, 每页: 20
2026-01-17 14:04:52,701 - __main__ - INFO - 成功获取 15 个用户数据
2026-01-17 14:04:52,702 - __main__ - INFO - 成功渲染 15 个用户卡片
2026-01-17 14:05:12,354 - __main__ - INFO - 渲染用户列表 - 页码: 1, 每页: 20
2026-01-17 14:05:12,354 - __main__ - INFO - 获取用户列表预览 - 页码: 1, 每页: 20
2026-01-17 14:05:18,720 - __main__ - INFO - 成功获取 15 个用户数据
2026-01-17 14:05:18,721 - __main__ - INFO - 成功渲染 15 个用户卡片
2026-01-17 14:09:32,651 - __main__ - INFO - ============================================================
2026-01-17 14:09:32,652 - __main__ - INFO - 启动用户画像分析系统 Web UI
2026-01-17 14:09:32,652 - __main__ - INFO - ============================================================
2026-01-17 14:09:32,655 - __main__ - INFO - 加载环境配置文件: .env.local
2026-01-17 14:09:32,655 - __main__ - INFO - 连接MongoDB数据库: opencreator
2026-01-17 14:09:32,689 - __main__ - INFO - MongoDB连接成功
2026-01-17 14:09:36,632 - __main__ - INFO - Gradio UI 创建成功
2026-01-17 14:09:36,632 - __main__ - INFO - 启动服务器 - 地址: 0.0.0.0:7860
2026-01-17 14:09:36,749 - httpx - INFO - HTTP Request: GET http://localhost:7860/gradio_api/startup-events "HTTP/1.1 200 OK"
2026-01-17 14:09:36,759 - httpx - INFO - HTTP Request: HEAD http://localhost:7860/ "HTTP/1.1 200 OK"
2026-01-17 14:09:37,169 - httpx - INFO - HTTP Request: HEAD https://huggingface.co/api/telemetry/https%3A/api.gradio.app/gradio-initiated-analytics "HTTP/1.1 200 OK"
2026-01-17 14:09:37,859 - httpx - INFO - HTTP Request: HEAD https://huggingface.co/api/telemetry/https%3A/api.gradio.app/gradio-launched-telemetry "HTTP/1.1 200 OK"
2026-01-17 14:09:37,887 - httpx - INFO - HTTP Request: GET https://api.gradio.app/pkg-version "HTTP/1.1 200 OK"
2026-01-17 14:19:25,301 - __main__ - INFO - 渲染用户列表 - 页码: 1, 每页: 20
2026-01-17 14:19:25,301 - __main__ - INFO - 获取用户列表预览 - 页码: 1, 每页: 20
2026-01-17 14:19:30,200 - __main__ - INFO - 成功获取 15 个用户数据
2026-01-17 14:19:30,202 - __main__ - INFO - 成功渲染 15 个用户卡片
2026-01-17 14:19:32,627 - __main__ - INFO - 渲染用户列表 - 页码: 1, 每页: 20
2026-01-17 14:19:32,628 - __main__ - INFO - 获取用户列表预览 - 页码: 1, 每页: 20
2026-01-17 14:19:37,423 - __main__ - INFO - 成功获取 15 个用户数据
2026-01-17 14:19:37,424 - __main__ - INFO - 成功渲染 15 个用户卡片
2026-01-17 14:19:41,665 - __main__ - INFO - 渲染用户列表 - 页码: 1, 每页: 20
2026-01-17 14:19:41,666 - __main__ - INFO - 获取用户列表预览 - 页码: 1, 每页: 20
2026-01-17 14:19:46,588 - __main__ - INFO - 成功获取 15 个用户数据
2026-01-17 14:19:46,589 - __main__ - INFO - 成功渲染 15 个用户卡片
2026-01-17 14:22:25,188 - __main__ - INFO - 渲染用户列表 - 页码: 1, 每页: 20
2026-01-17 14:22:25,188 - __main__ - INFO - 获取用户列表预览 - 页码: 1, 每页: 20
2026-01-17 14:22:30,047 - __main__ - INFO - 成功获取 15 个用户数据
2026-01-17 14:22:30,048 - __main__ - INFO - 成功渲染 15 个用户卡片
2026-01-17 14:22:31,848 - __main__ - INFO - 渲染用户列表 - 页码: 1, 每页: 20
2026-01-17 14:22:31,848 - __main__ - INFO - 获取用户列表预览 - 页码: 1, 每页: 20
2026-01-17 14:22:36,664 - __main__ - INFO - 成功获取 15 个用户数据
2026-01-17 14:22:36,666 - __main__ - INFO - 成功渲染 15 个用户卡片
2026-01-17 14:22:36,674 - __main__ - INFO - 渲染用户列表 - 页码: 1, 每页: 20
2026-01-17 14:22:36,674 - __main__ - INFO - 获取用户列表预览 - 页码: 1, 每页: 20
2026-01-17 14:22:41,496 - __main__ - INFO - 成功获取 15 个用户数据
2026-01-17 14:22:41,498 - __main__ - INFO - 成功渲染 15 个用户卡片
2026-01-17 14:22:48,270 - __main__ - INFO - 渲染用户列表 - 页码: 1, 每页: 20
2026-01-17 14:22:48,270 - __main__ - INFO - 获取用户列表预览 - 页码: 1, 每页: 20
2026-01-17 14:22:53,185 - __main__ - INFO - 成功获取 15 个用户数据
2026-01-17 14:22:53,187 - __main__ - INFO - 成功渲染 15 个用户卡片
2026-01-17 14:22:54,545 - __main__ - INFO - 渲染用户列表 - 页码: 1, 每页: 20
2026-01-17 14:22:54,545 - __main__ - INFO - 获取用户列表预览 - 页码: 1, 每页: 20
2026-01-17 14:22:59,518 - __main__ - INFO - 成功获取 15 个用户数据
2026-01-17 14:22:59,519 - __main__ - INFO - 成功渲染 15 个用户卡片
2026-01-17 14:29:57,957 - __main__ - INFO - ============================================================
2026-01-17 14:29:57,957 - __main__ - INFO - 启动用户画像分析系统 Web UI
2026-01-17 14:29:57,957 - __main__ - INFO - ============================================================
2026-01-17 14:29:57,961 - __main__ - INFO - 加载环境配置文件: .env.local
2026-01-17 14:29:57,961 - __main__ - INFO - 连接MongoDB数据库: opencreator
2026-01-17 14:29:58,095 - __main__ - INFO - MongoDB连接成功
2026-01-17 14:30:02,108 - __main__ - INFO - Gradio UI 创建成功
2026-01-17 14:30:02,108 - __main__ - INFO - 启动服务器 - 地址: 0.0.0.0:7860
2026-01-17 14:30:02,229 - httpx - INFO - HTTP Request: GET http://localhost:7860/gradio_api/startup-events "HTTP/1.1 200 OK"
2026-01-17 14:30:02,241 - httpx - INFO - HTTP Request: HEAD http://localhost:7860/ "HTTP/1.1 200 OK"
2026-01-17 14:30:02,650 - httpx - INFO - HTTP Request: HEAD https://huggingface.co/api/telemetry/https%3A/api.gradio.app/gradio-initiated-analytics "HTTP/1.1 200 OK"
2026-01-17 14:30:03,311 - httpx - INFO - HTTP Request: GET https://api.gradio.app/pkg-version "HTTP/1.1 200 OK"
2026-01-17 14:30:03,352 - httpx - INFO - HTTP Request: HEAD https://huggingface.co/api/telemetry/https%3A/api.gradio.app/gradio-launched-telemetry "HTTP/1.1 200 OK"
2026-01-17 15:03:23,842 - __main__ - INFO - 渲染用户列表 - 页码: 1, 每页: 20
2026-01-17 15:03:23,844 - __main__ - INFO - 获取用户列表预览 - 页码: 1, 每页: 20
2026-01-17 15:03:30,360 - __main__ - INFO - 成功获取 15 个用户数据
2026-01-17 15:03:30,362 - __main__ - INFO - 成功渲染 15 个用户卡片
2026-01-17 15:03:30,380 - __main__ - INFO - 渲染用户列表 - 页码: 1, 每页: 20
2026-01-17 15:03:30,381 - __main__ - INFO - 获取用户列表预览 - 页码: 1, 每页: 20
2026-01-17 15:03:35,518 - __main__ - INFO - 成功获取 15 个用户数据
2026-01-17 15:03:35,519 - __main__ - INFO - 成功渲染 15 个用户卡片
2026-01-17 15:03:39,334 - __main__ - INFO - 渲染用户列表 - 页码: 1, 每页: 20
2026-01-17 15:03:39,335 - __main__ - INFO - 获取用户列表预览 - 页码: 1, 每页: 20
2026-01-17 15:03:42,606 - __main__ - INFO - 渲染单用户详情 - 邮箱: zhihuang.oiloil@gmail.com, 页码: 1
2026-01-17 15:03:44,337 - __main__ - INFO - 成功获取 15 个用户数据
2026-01-17 15:03:44,337 - __main__ - INFO - 成功渲染 15 个用户卡片
2026-01-17 15:03:44,432 - __main__ - INFO - 获取用户输入详情 - 邮箱: zhihuang.oiloil@gmail.com, 页码: 1
2026-01-17 15:03:46,279 - __main__ - INFO - 成功获取用户 zhihuang.oiloil@gmail.com 的 37 条输入数据
2026-01-17 15:03:46,280 - __main__ - INFO - 成功渲染单用户详情 - 邮箱: zhihuang.oiloil@gmail.com, 数据条数: 37
2026-01-17 15:03:48,123 - __main__ - INFO - 渲染用户列表 - 页码: 1, 每页: 20
2026-01-17 15:03:48,123 - __main__ - INFO - 获取用户列表预览 - 页码: 1, 每页: 20
2026-01-17 15:03:51,381 - __main__ - INFO - 渲染单用户详情 - 邮箱: zhihaizhuo@gmail.com, 页码: 1
2026-01-17 15:03:51,681 - __main__ - INFO - 获取用户输入详情 - 邮箱: zhihaizhuo@gmail.com, 页码: 1
2026-01-17 15:03:52,875 - __main__ - INFO - 成功获取用户 zhihaizhuo@gmail.com 的 19 条输入数据
2026-01-17 15:03:52,875 - __main__ - INFO - 成功渲染单用户详情 - 邮箱: zhihaizhuo@gmail.com, 数据条数: 19
2026-01-17 15:03:53,344 - __main__ - INFO - 成功获取 15 个用户数据
2026-01-17 15:03:53,344 - __main__ - INFO - 成功渲染 15 个用户卡片
2026-01-17 15:05:28,160 - __main__ - WARNING - get_user_inputs: 未提供邮箱
2026-01-17 15:05:28,161 - __main__ - INFO - 详情下一页: 邮箱=None, 1 -> 1
2026-01-17 15:05:36,006 - __main__ - WARNING - get_user_inputs: 未提供邮箱
2026-01-17 15:05:36,006 - __main__ - INFO - 详情下一页: 邮箱=None, 1 -> 1
2026-01-17 15:05:38,106 - __main__ - WARNING - get_user_inputs: 未提供邮箱
2026-01-17 15:05:38,106 - __main__ - INFO - 详情下一页: 邮箱=None, 1 -> 1
2026-01-17 15:05:38,558 - __main__ - WARNING - get_user_inputs: 未提供邮箱
2026-01-17 15:05:38,558 - __main__ - INFO - 详情下一页: 邮箱=None, 1 -> 1
2026-01-17 15:05:38,738 - __main__ - WARNING - get_user_inputs: 未提供邮箱
2026-01-17 15:05:38,738 - __main__ - INFO - 详情下一页: 邮箱=None, 1 -> 1
2026-01-17 15:05:38,957 - __main__ - WARNING - get_user_inputs: 未提供邮箱
2026-01-17 15:05:38,957 - __main__ - INFO - 详情下一页: 邮箱=None, 1 -> 1
2026-01-17 15:05:42,124 - __main__ - INFO - 获取用户列表预览 - 页码: 1, 每页: 20
2026-01-17 15:05:47,217 - __main__ - INFO - 成功获取 15 个用户数据
2026-01-17 15:05:47,218 - __main__ - INFO - 用户列表下一页: 1 -> 1
2026-01-17 15:05:47,218 - __main__ - INFO - 渲染用户列表 - 页码: 1, 每页: 20
2026-01-17 15:05:47,218 - __main__ - INFO - 获取用户列表预览 - 页码: 1, 每页: 20
2026-01-17 15:05:52,443 - __main__ - INFO - 成功获取 15 个用户数据
2026-01-17 15:05:52,443 - __main__ - INFO - 成功渲染 15 个用户卡片
2026-01-17 15:05:54,591 - __main__ - WARNING - get_user_inputs: 未提供邮箱
2026-01-17 15:05:54,592 - __main__ - INFO - 详情下一页: 邮箱=None, 1 -> 1
2026-01-17 15:05:55,774 - __main__ - WARNING - get_user_inputs: 未提供邮箱
2026-01-17 15:05:55,774 - __main__ - INFO - 详情下一页: 邮箱=None, 1 -> 1
2026-01-17 15:06:04,259 - __main__ - WARNING - get_user_inputs: 未提供邮箱
2026-01-17 15:06:04,259 - __main__ - INFO - 详情下一页: 邮箱=None, 1 -> 1
2026-01-17 15:06:04,955 - __main__ - WARNING - get_user_inputs: 未提供邮箱
2026-01-17 15:06:04,955 - __main__ - INFO - 详情下一页: 邮箱=None, 1 -> 1
2026-01-17 15:06:05,172 - __main__ - WARNING - get_user_inputs: 未提供邮箱
2026-01-17 15:06:05,172 - __main__ - INFO - 详情下一页: 邮箱=None, 1 -> 1
2026-01-17 15:06:06,291 - __main__ - WARNING - get_user_inputs: 未提供邮箱
2026-01-17 15:06:06,291 - __main__ - INFO - 详情下一页: 邮箱=None, 1 -> 1
2026-01-17 15:06:08,608 - __main__ - WARNING - get_user_inputs: 未提供邮箱
2026-01-17 15:06:08,608 - __main__ - INFO - 详情下一页: 邮箱=None, 1 -> 1
2026-01-17 15:06:17,228 - __main__ - WARNING - get_user_inputs: 未提供邮箱
2026-01-17 15:06:17,229 - __main__ - INFO - 详情下一页: 邮箱=None, 1 -> 1
2026-01-17 15:10:47,960 - __main__ - INFO - ============================================================
2026-01-17 15:10:47,961 - __main__ - INFO - 启动用户画像分析系统 Web UI
2026-01-17 15:10:47,961 - __main__ - INFO - ============================================================
2026-01-17 15:10:47,964 - __main__ - INFO - 加载环境配置文件: .env.local
2026-01-17 15:10:47,964 - __main__ - INFO - 连接MongoDB数据库: opencreator
2026-01-17 15:10:48,017 - __main__ - INFO - MongoDB连接成功
2026-01-17 15:10:52,121 - __main__ - INFO - Gradio UI 创建成功
2026-01-17 15:10:52,121 - __main__ - INFO - 启动服务器 - 地址: 0.0.0.0:7860
2026-01-17 15:10:52,235 - httpx - INFO - HTTP Request: GET http://localhost:7860/gradio_api/startup-events "HTTP/1.1 200 OK"
2026-01-17 15:10:52,248 - httpx - INFO - HTTP Request: HEAD http://localhost:7860/ "HTTP/1.1 200 OK"
2026-01-17 15:10:52,671 - httpx - INFO - HTTP Request: HEAD https://huggingface.co/api/telemetry/https%3A/api.gradio.app/gradio-initiated-analytics "HTTP/1.1 200 OK"
2026-01-17 15:10:53,376 - httpx - INFO - HTTP Request: GET https://api.gradio.app/pkg-version "HTTP/1.1 200 OK"
2026-01-17 15:10:53,427 - httpx - INFO - HTTP Request: HEAD https://huggingface.co/api/telemetry/https%3A/api.gradio.app/gradio-launched-telemetry "HTTP/1.1 200 OK"
2026-01-17 16:05:33,415 - __main__ - INFO - ============================================================
2026-01-17 16:05:33,416 - __main__ - INFO - 启动用户画像分析系统 Web UI
2026-01-17 16:05:33,416 - __main__ - INFO - ============================================================
2026-01-17 16:05:33,419 - __main__ - INFO - 加载环境配置文件: .env.local
2026-01-17 16:05:33,419 - __main__ - INFO - 连接MongoDB数据库: opencreator
2026-01-17 16:05:33,452 - __main__ - INFO - MongoDB连接成功
2026-01-17 16:05:39,131 - __main__ - INFO - Gradio UI 创建成功
2026-01-17 16:05:39,131 - __main__ - INFO - 启动服务器 - 地址: 0.0.0.0:7860
2026-01-17 16:05:39,248 - httpx - INFO - HTTP Request: GET http://localhost:7860/gradio_api/startup-events "HTTP/1.1 200 OK"
2026-01-17 16:05:39,259 - httpx - INFO - HTTP Request: HEAD http://localhost:7860/ "HTTP/1.1 200 OK"
2026-01-17 16:05:39,797 - httpx - INFO - HTTP Request: HEAD https://huggingface.co/api/telemetry/https%3A/api.gradio.app/gradio-initiated-analytics "HTTP/1.1 200 OK"
2026-01-17 16:05:40,674 - httpx - INFO - HTTP Request: GET https://api.gradio.app/pkg-version "HTTP/1.1 200 OK"
2026-01-17 16:05:42,143 - httpx - INFO - HTTP Request: HEAD https://huggingface.co/api/telemetry/https%3A/api.gradio.app/gradio-launched-telemetry "HTTP/1.1 200 OK"
2026-01-17 16:22:01,161 - __main__ - INFO - ============================================================
2026-01-17 16:22:01,162 - __main__ - INFO - 启动用户画像分析系统 Web UI
2026-01-17 16:22:01,162 - __main__ - INFO - ============================================================
2026-01-17 16:22:01,166 - __main__ - INFO - 加载环境配置文件: .env.local
2026-01-17 16:22:01,166 - __main__ - INFO - 连接MongoDB数据库: opencreator
2026-01-17 16:22:01,203 - __main__ - INFO - MongoDB连接成功
2026-01-17 16:22:08,769 - __main__ - INFO - Gradio UI 创建成功
2026-01-17 16:22:08,770 - __main__ - INFO - 启动服务器 - 地址: 0.0.0.0:7860
2026-01-17 16:22:08,884 - httpx - INFO - HTTP Request: GET http://localhost:7860/gradio_api/startup-events "HTTP/1.1 200 OK"
2026-01-17 16:22:08,895 - httpx - INFO - HTTP Request: HEAD http://localhost:7860/ "HTTP/1.1 200 OK"
2026-01-17 16:22:09,484 - httpx - INFO - HTTP Request: HEAD https://huggingface.co/api/telemetry/https%3A/api.gradio.app/gradio-initiated-analytics "HTTP/1.1 200 OK"
2026-01-17 16:22:09,961 - httpx - INFO - HTTP Request: GET https://api.gradio.app/pkg-version "HTTP/1.1 200 OK"
2026-01-17 16:22:11,207 - httpx - INFO - HTTP Request: HEAD https://huggingface.co/api/telemetry/https%3A/api.gradio.app/gradio-launched-telemetry "HTTP/1.1 200 OK"
2026-01-17 16:24:45,810 - __main__ - INFO - ============================================================
2026-01-17 16:24:45,811 - __main__ - INFO - 启动用户画像分析系统 Web UI
2026-01-17 16:24:45,811 - __main__ - INFO - ============================================================
2026-01-17 16:24:45,814 - __main__ - INFO - 加载环境配置文件: .env.local
2026-01-17 16:24:45,814 - __main__ - INFO - 连接MongoDB数据库: opencreator
2026-01-17 16:24:45,847 - __main__ - INFO - MongoDB连接成功
2026-01-17 16:24:50,773 - __main__ - INFO - Gradio UI 创建成功
2026-01-17 16:24:50,773 - __main__ - INFO - 启动服务器 - 地址: 0.0.0.0:7860
2026-01-17 16:24:50,889 - httpx - INFO - HTTP Request: GET http://localhost:7860/gradio_api/startup-events "HTTP/1.1 200 OK"
2026-01-17 16:24:50,899 - httpx - INFO - HTTP Request: HEAD http://localhost:7860/ "HTTP/1.1 200 OK"
2026-01-17 16:24:52,596 - httpx - INFO - HTTP Request: HEAD https://huggingface.co/api/telemetry/https%3A/api.gradio.app/gradio-initiated-analytics "HTTP/1.1 200 OK"
2026-01-17 16:24:53,282 - httpx - INFO - HTTP Request: HEAD https://huggingface.co/api/telemetry/https%3A/api.gradio.app/gradio-launched-telemetry "HTTP/1.1 200 OK"
2026-01-17 16:27:57,568 - __main__ - INFO - 渲染用户列表 - 页码: 1, 每页: 20
2026-01-17 16:27:57,569 - __main__ - INFO - 获取用户列表预览 - 页码: 1, 每页: 20
2026-01-17 16:28:07,973 - __main__ - INFO - 成功获取 15 个用户数据
2026-01-17 16:28:07,974 - __main__ - INFO - 成功渲染 15 个用户卡片
2026-01-17 16:28:12,325 - __main__ - INFO - 渲染用户列表 - 页码: 1, 每页: 20
2026-01-17 16:28:12,325 - __main__ - INFO - 获取用户列表预览 - 页码: 1, 每页: 20
2026-01-17 16:28:14,578 - __main__ - INFO - 渲染单用户详情 - 邮箱: yanglingong33@gmail.com, 页码: 1
2026-01-17 16:28:19,301 - __main__ - INFO - 获取用户输入详情 - 邮箱: yanglingong33@gmail.com, 页码: 1
2026-01-17 16:28:19,911 - __main__ - WARNING - get_user_inputs: 未提供邮箱
2026-01-17 16:28:19,911 - __main__ - INFO - 详情下一页: 邮箱=None, 1 -> 1
2026-01-17 16:28:20,885 - __main__ - INFO - 成功获取 15 个用户数据
2026-01-17 16:28:20,886 - __main__ - INFO - 成功渲染 15 个用户卡片
2026-01-17 16:28:22,095 - __main__ - WARNING - get_user_inputs: 未提供邮箱
2026-01-17 16:28:22,096 - __main__ - INFO - 详情下一页: 邮箱=None, 1 -> 1
2026-01-17 16:28:22,311 - __main__ - INFO - 成功获取用户 yanglingong33@gmail.com 的 30 条输入数据
2026-01-17 16:28:22,312 - __main__ - INFO - 成功渲染单用户详情 - 邮箱: yanglingong33@gmail.com, 数据条数: 30
2026-01-17 16:28:32,291 - __main__ - WARNING - get_user_inputs: 未提供邮箱
2026-01-17 16:28:32,291 - __main__ - INFO - 详情下一页: 邮箱=None, 1 -> 1
2026-01-17 16:28:45,960 - __main__ - WARNING - get_user_inputs: 未提供邮箱
2026-01-17 16:28:45,961 - __main__ - INFO - 详情下一页: 邮箱=None, 1 -> 1
2026-01-17 16:37:50,294 - __main__ - INFO - ============================================================
2026-01-17 16:37:50,296 - __main__ - INFO - 启动用户画像分析系统 Web UI
2026-01-17 16:37:50,296 - __main__ - INFO - ============================================================
2026-01-17 16:37:50,300 - __main__ - INFO - 加载环境配置文件: .env.local
2026-01-17 16:37:50,300 - __main__ - INFO - 连接MongoDB数据库: opencreator
2026-01-17 16:37:50,336 - __main__ - INFO - MongoDB连接成功
2026-01-17 16:37:55,526 - __main__ - INFO - Gradio UI 创建成功
2026-01-17 16:37:55,526 - __main__ - INFO - 启动服务器 - 地址: 0.0.0.0:7860
2026-01-17 16:37:55,541 - httpx - INFO - HTTP Request: HEAD https://huggingface.co/api/telemetry/https%3A/api.gradio.app/gradio-initiated-analytics "HTTP/1.1 200 OK"
2026-01-17 16:37:55,647 - httpx - INFO - HTTP Request: GET http://localhost:7860/gradio_api/startup-events "HTTP/1.1 200 OK"
2026-01-17 16:37:55,659 - httpx - INFO - HTTP Request: HEAD http://localhost:7860/ "HTTP/1.1 200 OK"
2026-01-17 16:37:56,130 - httpx - INFO - HTTP Request: HEAD https://huggingface.co/api/telemetry/https%3A/api.gradio.app/gradio-launched-telemetry "HTTP/1.1 200 OK"
2026-01-17 16:37:57,588 - httpx - INFO - HTTP Request: GET https://api.gradio.app/pkg-version "HTTP/1.1 200 OK"
2026-01-17 16:41:44,234 - __main__ - INFO - 渲染用户列表 - 页码: 1, 每页: 20
2026-01-17 16:41:44,235 - __main__ - INFO - 获取用户列表预览 - 页码: 1, 每页: 20
2026-01-17 16:41:52,653 - __main__ - INFO - 成功获取 15 个用户数据
2026-01-17 16:41:52,654 - __main__ - INFO - 成功渲染 15 个用户卡片
2026-01-17 16:41:56,674 - __main__ - INFO - 渲染用户列表 - 页码: 1, 每页: 20
2026-01-17 16:41:56,675 - __main__ - INFO - 获取用户列表预览 - 页码: 1, 每页: 20
2026-01-17 16:41:58,919 - __main__ - INFO - 渲染单用户详情 - 邮箱: cs9_test@gmail.com, 页码: 1
2026-01-17 16:42:00,492 - __main__ - INFO - 获取用户输入详情 - 邮箱: cs9_test@gmail.com, 页码: 1
2026-01-17 16:42:01,265 - __main__ - INFO - 成功获取用户 cs9_test@gmail.com 的 1 条输入数据
2026-01-17 16:42:01,265 - __main__ - INFO - 成功渲染单用户详情 - 邮箱: cs9_test@gmail.com, 数据条数: 1
2026-01-17 16:42:07,359 - __main__ - INFO - 获取用户列表预览 - 页码: 1, 每页: 20
2026-01-17 16:42:15,870 - __main__ - INFO - 成功获取 15 个用户数据
2026-01-17 16:42:15,871 - __main__ - INFO - 成功渲染 15 个用户卡片
2026-01-17 16:42:16,806 - __main__ - INFO - 成功获取 15 个用户数据
2026-01-17 16:42:16,806 - __main__ - INFO - 用户列表下一页: 1 -> 1
2026-01-17 16:42:16,806 - __main__ - INFO - 渲染用户列表 - 页码: 1, 每页: 20
2026-01-17 16:42:16,806 - __main__ - INFO - 获取用户列表预览 - 页码: 1, 每页: 20
2026-01-17 16:42:29,897 - __main__ - INFO - 成功获取 15 个用户数据
2026-01-17 16:42:29,898 - __main__ - INFO - 成功渲染 15 个用户卡片
2026-01-17 17:35:41,437 - __main__ - INFO - 渲染用户列表 - 页码: 1, 每页: 20
2026-01-17 17:35:41,438 - __main__ - INFO - 获取用户列表预览 - 页码: 1, 每页: 20
2026-01-17 17:35:50,325 - __main__ - INFO - 成功获取 15 个用户数据
2026-01-17 17:35:50,327 - __main__ - INFO - 成功渲染 15 个用户卡片
2026-01-17 17:35:50,360 - __main__ - INFO - 渲染用户列表 - 页码: 1, 每页: 20
2026-01-17 17:35:50,360 - __main__ - INFO - 获取用户列表预览 - 页码: 1, 每页: 20
2026-01-17 17:35:57,374 - __main__ - INFO - 成功获取 15 个用户数据
2026-01-17 17:35:57,375 - __main__ - INFO - 成功渲染 15 个用户卡片
2026-01-17 17:35:59,087 - __main__ - INFO - 渲染用户列表 - 页码: 1, 每页: 20
2026-01-17 17:35:59,088 - __main__ - INFO - 获取用户列表预览 - 页码: 1, 每页: 20
2026-01-17 17:36:01,683 - __main__ - INFO - 渲染单用户详情 - 邮箱: zhihuang.oiloil@gmail.com, 页码: 1
2026-01-17 17:36:03,332 - __main__ - INFO - 获取用户输入详情 - 邮箱: zhihuang.oiloil@gmail.com, 页码: 1
2026-01-17 17:36:06,228 - __main__ - INFO - 成功获取用户 zhihuang.oiloil@gmail.com 的 25 条输入数据
2026-01-17 17:36:06,230 - __main__ - INFO - 成功渲染单用户详情 - 邮箱: zhihuang.oiloil@gmail.com, 数据条数: 25
2026-01-17 17:36:07,846 - __main__ - INFO - 成功获取 15 个用户数据
2026-01-17 17:36:07,847 - __main__ - INFO - 成功渲染 15 个用户卡片
